[2019-07-14 14:52:31] Текст ошибки: Страница не найдена | Файл: D:\web\server\domains\wath\core\ishop\Router.php | Строка: 39
=================
[2019-07-14 14:52:35] Текст ошибки: Страница не найдена | Файл: D:\web\server\domains\wath\core\ishop\Router.php | Строка: 39
=================
[2019-07-14 15:00:45] Текст ошибки: Контролер не найден | Файл: D:\web\server\domains\wath\core\ishop\Router.php | Строка: 35
=================
[2019-07-14 15:02:25] Текст ошибки: Контролер  \app\controllers\ProductController не найден  | Файл: D:\web\server\domains\wath\core\ishop\Router.php | Строка: 35
=================
[2019-07-14 15:06:34] Текст ошибки: Страница не найдена | Файл: D:\web\server\domains\wath\core\ishop\Router.php | Строка: 39
=================
[2019-07-14 15:06:34] Текст ошибки: Страница не найдена | Файл: D:\web\server\domains\wath\core\ishop\Router.php | Строка: 39
=================
[2019-07-14 15:06:34] Текст ошибки: Страница не найдена | Файл: D:\web\server\domains\wath\core\ishop\Router.php | Строка: 39
=================
[2019-07-14 15:06:34] Текст ошибки: Страница не найдена | Файл: D:\web\server\domains\wath\core\ishop\Router.php | Строка: 39
=================
[2019-07-14 15:06:34] Текст ошибки: Страница не найдена | Файл: D:\web\server\domains\wath\core\ishop\Router.php | Строка: 39
=================
[2019-07-14 15:06:34] Текст ошибки: Страница не найдена | Файл: D:\web\server\domains\wath\core\ishop\Router.php | Строка: 39
=================
[2019-07-14 15:06:34] Текст ошибки: Страница не найдена | Файл: D:\web\server\domains\wath\core\ishop\Router.php | Строка: 39
=================
[2019-07-14 15:07:29] Текст ошибки: Страница не найдена | Файл: D:\web\server\domains\wath\core\ishop\Router.php | Строка: 39
=================
[2019-07-14 15:07:29] Текст ошибки: Страница не найдена | Файл: D:\web\server\domains\wath\core\ishop\Router.php | Строка: 39
=================
[2019-07-14 15:07:29] Текст ошибки: Страница не найдена | Файл: D:\web\server\domains\wath\core\ishop\Router.php | Строка: 39
=================
[2019-07-14 15:07:29] Текст ошибки: Страница не найдена | Файл: D:\web\server\domains\wath\core\ishop\Router.php | Строка: 39
=================
[2019-07-14 15:07:29] Текст ошибки: Страница не найдена | Файл: D:\web\server\domains\wath\core\ishop\Router.php | Строка: 39
=================
[2019-07-14 15:08:24] Текст ошибки: Страница не найдена | Файл: D:\web\server\domains\wath\core\ishop\Router.php | Строка: 39
=================
[2019-07-14 15:08:29] Текст ошибки: Страница не найдена | Файл: D:\web\server\domains\wath\core\ishop\Router.php | Строка: 39
=================
[2019-07-14 15:09:48] Текст ошибки: Страница не найдена | Файл: D:\web\server\domains\wath\core\ishop\Router.php | Строка: 39
=================
[2019-07-14 15:09:50] Текст ошибки: Страница не найдена | Файл: D:\web\server\domains\wath\core\ishop\Router.php | Строка: 39
=================
[2019-07-14 15:10:20] Текст ошибки: Страница не найдена | Файл: D:\web\server\domains\wath\core\ishop\Router.php | Строка: 39
=================
[2019-07-14 15:10:27] Текст ошибки: Страница не найдена | Файл: D:\web\server\domains\wath\core\ishop\Router.php | Строка: 39
=================
[2019-07-14 15:10:36] Текст ошибки: Страница не найдена | Файл: D:\web\server\domains\wath\core\ishop\Router.php | Строка: 39
=================
[2019-07-14 15:10:36] Текст ошибки: Страница не найдена | Файл: D:\web\server\domains\wath\core\ishop\Router.php | Строка: 39
=================
[2019-07-14 15:10:41] Текст ошибки: Страница не найдена | Файл: D:\web\server\domains\wath\core\ishop\Router.php | Строка: 39
=================
[2019-07-14 15:10:41] Текст ошибки: Страница не найдена | Файл: D:\web\server\domains\wath\core\ishop\Router.php | Строка: 39
=================
[2019-07-14 15:10:44] Текст ошибки: Страница не найдена | Файл: D:\web\server\domains\wath\core\ishop\Router.php | Строка: 39
=================
[2019-07-14 15:10:44] Текст ошибки: Страница не найдена | Файл: D:\web\server\domains\wath\core\ishop\Router.php | Строка: 39
=================
[2019-07-14 15:14:15] Текст ошибки: Страница не найдена | Файл: D:\web\server\domains\wath\core\ishop\Router.php | Строка: 39
=================
[2019-07-14 15:14:35] Текст ошибки: Страница не найдена | Файл: D:\web\server\domains\wath\core\ishop\Router.php | Строка: 39
=================
[2019-07-14 15:14:39] Текст ошибки: Контролер  \app\controllers\CategoryController не найден  | Файл: D:\web\server\domains\wath\core\ishop\Router.php | Строка: 35
=================
[2019-07-14 15:19:42] Текст ошибки: Страница не найдена | Файл: D:\web\server\domains\wath\core\ishop\Router.php | Строка: 39
=================
[2019-07-14 15:19:43] Текст ошибки: Страница не найдена | Файл: D:\web\server\domains\wath\core\ishop\Router.php | Строка: 39
=================
[2019-07-14 15:22:03] Текст ошибки: Страница не найдена | Файл: D:\web\server\domains\wath\core\ishop\Router.php | Строка: 39
=================
[2019-07-14 15:24:54] Текст ошибки: Страница не найдена | Файл: D:\web\server\domains\wath\core\ishop\Router.php | Строка: 39
=================
[2019-07-14 15:24:54] Текст ошибки: Страница не найдена | Файл: D:\web\server\domains\wath\core\ishop\Router.php | Строка: 39
=================
[2019-07-14 15:25:02] Текст ошибки: Страница не найдена | Файл: D:\web\server\domains\wath\core\ishop\Router.php | Строка: 39
=================
[2019-07-14 15:25:02] Текст ошибки: Страница не найдена | Файл: D:\web\server\domains\wath\core\ishop\Router.php | Строка: 39
=================
[2019-07-14 16:36:18] Текст ошибки: Страница не найдена | Файл: D:\web\server\domains\wath\core\ishop\Router.php | Строка: 39
=================
[2019-07-14 16:36:21] Текст ошибки: syntax error, unexpected end of file, expecting function (T_FUNCTION) or const (T_CONST) | Файл: D:\web\server\domains\wath\app\controllers\ProductController.php | Строка: 20
=================
[2019-07-14 16:36:40] Текст ошибки: Страница не найдена | Файл: D:\web\server\domains\wath\core\ishop\Router.php | Строка: 39
=================
[2019-07-14 16:36:40] Текст ошибки: Страница не найдена | Файл: D:\web\server\domains\wath\core\ishop\Router.php | Строка: 39
=================
[2019-07-14 16:36:40] Текст ошибки: Страница не найдена | Файл: D:\web\server\domains\wath\core\ishop\Router.php | Строка: 39
=================
[2019-07-14 16:36:40] Текст ошибки: Страница не найдена | Файл: D:\web\server\domains\wath\core\ishop\Router.php | Строка: 39
=================
[2019-07-14 16:36:40] Текст ошибки: Страница не найдена | Файл: D:\web\server\domains\wath\core\ishop\Router.php | Строка: 39
=================
[2019-07-14 16:36:40] Текст ошибки: Страница не найдена | Файл: D:\web\server\domains\wath\core\ishop\Router.php | Строка: 39
=================
[2019-07-14 16:36:40] Текст ошибки: Страница не найдена | Файл: D:\web\server\domains\wath\core\ishop\Router.php | Строка: 39
=================
[2019-07-14 16:36:40] Текст ошибки: Страница не найдена | Файл: D:\web\server\domains\wath\core\ishop\Router.php | Строка: 39
=================
[2019-07-14 16:36:40] Текст ошибки: Страница не найдена | Файл: D:\web\server\domains\wath\core\ishop\Router.php | Строка: 39
=================
[2019-07-14 16:36:40] Текст ошибки: Страница не найдена | Файл: D:\web\server\domains\wath\core\ishop\Router.php | Строка: 39
=================
[2019-07-14 16:36:40] Текст ошибки: Страница не найдена | Файл: D:\web\server\domains\wath\core\ishop\Router.php | Строка: 39
=================
[2019-07-14 16:36:40] Текст ошибки: Страница не найдена | Файл: D:\web\server\domains\wath\core\ishop\Router.php | Строка: 39
=================
[2019-07-14 16:36:40] Текст ошибки: Страница не найдена | Файл: D:\web\server\domains\wath\core\ishop\Router.php | Строка: 39
=================
[2019-07-14 16:36:40] Текст ошибки: Страница не найдена | Файл: D:\web\server\domains\wath\core\ishop\Router.php | Строка: 39
=================
[2019-07-14 16:36:40] Текст ошибки: Страница не найдена | Файл: D:\web\server\domains\wath\core\ishop\Router.php | Строка: 39
=================
[2019-07-14 16:36:40] Текст ошибки: Страница не найдена | Файл: D:\web\server\domains\wath\core\ishop\Router.php | Строка: 39
=================
[2019-07-14 16:38:59] Текст ошибки: Страница не найдена | Файл: D:\web\server\domains\wath\core\ishop\Router.php | Строка: 39
=================
[2019-07-14 16:38:59] Текст ошибки: Страница не найдена | Файл: D:\web\server\domains\wath\core\ishop\Router.php | Строка: 39
=================
[2019-07-14 16:38:59] Текст ошибки: Страница не найдена | Файл: D:\web\server\domains\wath\core\ishop\Router.php | Строка: 39
=================
[2019-07-14 16:38:59] Текст ошибки: Страница не найдена | Файл: D:\web\server\domains\wath\core\ishop\Router.php | Строка: 39
=================
[2019-07-14 16:38:59] Текст ошибки: Страница не найдена | Файл: D:\web\server\domains\wath\core\ishop\Router.php | Строка: 39
=================
[2019-07-14 16:38:59] Текст ошибки: Страница не найдена | Файл: D:\web\server\domains\wath\core\ishop\Router.php | Строка: 39
=================
[2019-07-14 16:38:59] Текст ошибки: Страница не найдена | Файл: D:\web\server\domains\wath\core\ishop\Router.php | Строка: 39
=================
[2019-07-14 16:38:59] Текст ошибки: Страница не найдена | Файл: D:\web\server\domains\wath\core\ishop\Router.php | Строка: 39
=================
[2019-07-14 16:38:59] Текст ошибки: Страница не найдена | Файл: D:\web\server\domains\wath\core\ishop\Router.php | Строка: 39
=================
[2019-07-14 16:38:59] Текст ошибки: Страница не найдена | Файл: D:\web\server\domains\wath\core\ishop\Router.php | Строка: 39
=================
[2019-07-14 16:38:59] Текст ошибки: Страница не найдена | Файл: D:\web\server\domains\wath\core\ishop\Router.php | Строка: 39
=================
[2019-07-14 16:38:59] Текст ошибки: Страница не найдена | Файл: D:\web\server\domains\wath\core\ishop\Router.php | Строка: 39
=================
[2019-07-14 16:38:59] Текст ошибки: Страница не найдена | Файл: D:\web\server\domains\wath\core\ishop\Router.php | Строка: 39
=================
[2019-07-14 16:38:59] Текст ошибки: Страница не найдена | Файл: D:\web\server\domains\wath\core\ishop\Router.php | Строка: 39
=================
[2019-07-14 16:38:59] Текст ошибки: Страница не найдена | Файл: D:\web\server\domains\wath\core\ishop\Router.php | Строка: 39
=================
[2019-07-14 16:38:59] Текст ошибки: Страница не найдена | Файл: D:\web\server\domains\wath\core\ishop\Router.php | Строка: 39
=================
[2019-07-14 16:40:35] Текст ошибки: Страница не найдена | Файл: D:\web\server\domains\wath\core\ishop\Router.php | Строка: 39
=================
[2019-07-14 16:40:35] Текст ошибки: Страница не найдена | Файл: D:\web\server\domains\wath\core\ishop\Router.php | Строка: 39
=================
[2019-07-14 16:40:42] Текст ошибки: Страница не найдена | Файл: D:\web\server\domains\wath\core\ishop\Router.php | Строка: 39
=================
[2019-07-14 16:40:42] Текст ошибки: Страница не найдена | Файл: D:\web\server\domains\wath\core\ishop\Router.php | Строка: 39
=================
[2019-07-14 16:40:42] Текст ошибки: Страница не найдена | Файл: D:\web\server\domains\wath\core\ishop\Router.php | Строка: 39
=================
[2019-07-14 16:40:42] Текст ошибки: Страница не найдена | Файл: D:\web\server\domains\wath\core\ishop\Router.php | Строка: 39
=================
[2019-07-14 16:40:42] Текст ошибки: Страница не найдена | Файл: D:\web\server\domains\wath\core\ishop\Router.php | Строка: 39
=================
[2019-07-14 16:40:42] Текст ошибки: Страница не найдена | Файл: D:\web\server\domains\wath\core\ishop\Router.php | Строка: 39
=================
[2019-07-14 16:40:42] Текст ошибки: Страница не найдена | Файл: D:\web\server\domains\wath\core\ishop\Router.php | Строка: 39
=================
[2019-07-14 16:40:42] Текст ошибки: Страница не найдена | Файл: D:\web\server\domains\wath\core\ishop\Router.php | Строка: 39
=================
[2019-07-14 16:40:42] Текст ошибки: Страница не найдена | Файл: D:\web\server\domains\wath\core\ishop\Router.php | Строка: 39
=================
[2019-07-14 16:40:42] Текст ошибки: Страница не найдена | Файл: D:\web\server\domains\wath\core\ishop\Router.php | Строка: 39
=================
[2019-07-14 16:40:42] Текст ошибки: Страница не найдена | Файл: D:\web\server\domains\wath\core\ishop\Router.php | Строка: 39
=================
[2019-07-14 16:40:42] Текст ошибки: Страница не найдена | Файл: D:\web\server\domains\wath\core\ishop\Router.php | Строка: 39
=================
[2019-07-14 16:40:42] Текст ошибки: Страница не найдена | Файл: D:\web\server\domains\wath\core\ishop\Router.php | Строка: 39
=================
[2019-07-14 16:40:42] Текст ошибки: Страница не найдена | Файл: D:\web\server\domains\wath\core\ishop\Router.php | Строка: 39
=================
[2019-07-14 16:40:42] Текст ошибки: Страница не найдена | Файл: D:\web\server\domains\wath\core\ishop\Router.php | Строка: 39
=================
[2019-07-14 16:40:42] Текст ошибки: Страница не найдена | Файл: D:\web\server\domains\wath\core\ishop\Router.php | Строка: 39
=================
[2019-07-14 16:42:20] Текст ошибки: Страница не найдена | Файл: D:\web\server\domains\wath\core\ishop\Router.php | Строка: 39
=================
[2019-07-14 16:42:20] Текст ошибки: Страница не найдена | Файл: D:\web\server\domains\wath\core\ishop\Router.php | Строка: 39
=================
[2019-07-14 16:42:20] Текст ошибки: Страница не найдена | Файл: D:\web\server\domains\wath\core\ishop\Router.php | Строка: 39
=================
[2019-07-14 16:42:20] Текст ошибки: Страница не найдена | Файл: D:\web\server\domains\wath\core\ishop\Router.php | Строка: 39
=================
[2019-07-14 16:42:20] Текст ошибки: Страница не найдена | Файл: D:\web\server\domains\wath\core\ishop\Router.php | Строка: 39
=================
[2019-07-14 16:42:20] Текст ошибки: Страница не найдена | Файл: D:\web\server\domains\wath\core\ishop\Router.php | Строка: 39
=================
[2019-07-14 16:42:20] Текст ошибки: Страница не найдена | Файл: D:\web\server\domains\wath\core\ishop\Router.php | Строка: 39
=================
[2019-07-14 16:42:20] Текст ошибки: Страница не найдена | Файл: D:\web\server\domains\wath\core\ishop\Router.php | Строка: 39
=================
[2019-07-14 16:42:20] Текст ошибки: Страница не найдена | Файл: D:\web\server\domains\wath\core\ishop\Router.php | Строка: 39
=================
[2019-07-14 16:42:21] Текст ошибки: Страница не найдена | Файл: D:\web\server\domains\wath\core\ishop\Router.php | Строка: 39
=================
[2019-07-14 16:51:21] Текст ошибки: Страница не найдена | Файл: D:\web\server\domains\wath\core\ishop\Router.php | Строка: 39
=================
[2019-07-14 16:51:21] Текст ошибки: Страница не найдена | Файл: D:\web\server\domains\wath\core\ishop\Router.php | Строка: 39
=================
[2019-07-14 16:51:21] Текст ошибки: Страница не найдена | Файл: D:\web\server\domains\wath\core\ishop\Router.php | Строка: 39
=================
[2019-07-14 16:51:21] Текст ошибки: Страница не найдена | Файл: D:\web\server\domains\wath\core\ishop\Router.php | Строка: 39
=================
[2019-07-14 16:51:21] Текст ошибки: Страница не найдена | Файл: D:\web\server\domains\wath\core\ishop\Router.php | Строка: 39
=================
[2019-07-14 16:51:21] Текст ошибки: Страница не найдена | Файл: D:\web\server\domains\wath\core\ishop\Router.php | Строка: 39
=================
[2019-07-14 16:51:21] Текст ошибки: Страница не найдена | Файл: D:\web\server\domains\wath\core\ishop\Router.php | Строка: 39
=================
[2019-07-14 16:51:21] Текст ошибки: Страница не найдена | Файл: D:\web\server\domains\wath\core\ishop\Router.php | Строка: 39
=================
[2019-07-14 16:51:21] Текст ошибки: Страница не найдена | Файл: D:\web\server\domains\wath\core\ishop\Router.php | Строка: 39
=================
[2019-07-14 16:51:21] Текст ошибки: Страница не найдена | Файл: D:\web\server\domains\wath\core\ishop\Router.php | Строка: 39
=================
[2019-07-14 16:54:20] Текст ошибки: Страница не найдена | Файл: D:\web\server\domains\wath\core\ishop\Router.php | Строка: 39
=================
[2019-07-14 16:54:20] Текст ошибки: Страница не найдена | Файл: D:\web\server\domains\wath\core\ishop\Router.php | Строка: 39
=================
[2019-07-14 16:54:20] Текст ошибки: Страница не найдена | Файл: D:\web\server\domains\wath\core\ishop\Router.php | Строка: 39
=================
[2019-07-14 16:54:20] Текст ошибки: Страница не найдена | Файл: D:\web\server\domains\wath\core\ishop\Router.php | Строка: 39
=================
[2019-07-14 16:54:20] Текст ошибки: Страница не найдена | Файл: D:\web\server\domains\wath\core\ishop\Router.php | Строка: 39
=================
[2019-07-14 16:54:20] Текст ошибки: Страница не найдена | Файл: D:\web\server\domains\wath\core\ishop\Router.php | Строка: 39
=================
[2019-07-14 16:54:20] Текст ошибки: Страница не найдена | Файл: D:\web\server\domains\wath\core\ishop\Router.php | Строка: 39
=================
[2019-07-14 16:54:20] Текст ошибки: Страница не найдена | Файл: D:\web\server\domains\wath\core\ishop\Router.php | Строка: 39
=================
[2019-07-14 16:54:20] Текст ошибки: Страница не найдена | Файл: D:\web\server\domains\wath\core\ishop\Router.php | Строка: 39
=================
[2019-07-14 16:54:20] Текст ошибки: Страница не найдена | Файл: D:\web\server\domains\wath\core\ishop\Router.php | Строка: 39
=================
[2019-07-14 16:54:21] Текст ошибки: Страница не найдена | Файл: D:\web\server\domains\wath\core\ishop\Router.php | Строка: 39
=================
[2019-07-14 16:54:21] Текст ошибки: Страница не найдена | Файл: D:\web\server\domains\wath\core\ishop\Router.php | Строка: 39
=================
[2019-07-14 16:54:21] Текст ошибки: Страница не найдена | Файл: D:\web\server\domains\wath\core\ishop\Router.php | Строка: 39
=================
[2019-07-14 16:54:30] Текст ошибки: Страница не найдена | Файл: D:\web\server\domains\wath\core\ishop\Router.php | Строка: 39
=================
[2019-07-14 16:54:30] Текст ошибки: Страница не найдена | Файл: D:\web\server\domains\wath\core\ishop\Router.php | Строка: 39
=================
[2019-07-14 16:54:30] Текст ошибки: Страница не найдена | Файл: D:\web\server\domains\wath\core\ishop\Router.php | Строка: 39
=================
[2019-07-14 16:54:30] Текст ошибки: Страница не найдена | Файл: D:\web\server\domains\wath\core\ishop\Router.php | Строка: 39
=================
[2019-07-14 16:55:56] Текст ошибки: Страница не найдена | Файл: D:\web\server\domains\wath\core\ishop\Router.php | Строка: 39
=================
[2019-07-14 16:55:56] Текст ошибки: Страница не найдена | Файл: D:\web\server\domains\wath\core\ishop\Router.php | Строка: 39
=================
[2019-07-14 16:55:56] Текст ошибки: Страница не найдена | Файл: D:\web\server\domains\wath\core\ishop\Router.php | Строка: 39
=================
[2019-07-14 16:55:56] Текст ошибки: Страница не найдена | Файл: D:\web\server\domains\wath\core\ishop\Router.php | Строка: 39
=================
[2019-07-14 16:55:56] Текст ошибки: Страница не найдена | Файл: D:\web\server\domains\wath\core\ishop\Router.php | Строка: 39
=================
[2019-07-14 16:55:56] Текст ошибки: Страница не найдена | Файл: D:\web\server\domains\wath\core\ishop\Router.php | Строка: 39
=================
[2019-07-14 16:57:02] Текст ошибки: Страница не найдена | Файл: D:\web\server\domains\wath\core\ishop\Router.php | Строка: 39
=================
[2019-07-14 16:57:02] Текст ошибки: Страница не найдена | Файл: D:\web\server\domains\wath\core\ishop\Router.php | Строка: 39
=================
[2019-07-14 16:57:02] Текст ошибки: Страница не найдена | Файл: D:\web\server\domains\wath\core\ishop\Router.php | Строка: 39
=================
[2019-07-14 16:57:02] Текст ошибки: Страница не найдена | Файл: D:\web\server\domains\wath\core\ishop\Router.php | Строка: 39
=================
[2019-07-14 16:57:02] Текст ошибки: Страница не найдена | Файл: D:\web\server\domains\wath\core\ishop\Router.php | Строка: 39
=================
[2019-07-14 16:58:41] Текст ошибки: Страница не найдена | Файл: D:\web\server\domains\wath\core\ishop\Router.php | Строка: 39
=================
[2019-07-14 16:58:42] Текст ошибки: Страница не найдена | Файл: D:\web\server\domains\wath\core\ishop\Router.php | Строка: 39
=================
[2019-07-14 16:59:26] Текст ошибки: Страница не найдена | Файл: D:\web\server\domains\wath\core\ishop\Router.php | Строка: 39
=================
[2019-07-14 17:03:20] Текст ошибки: Страница не найдена | Файл: D:\web\server\domains\wath\core\ishop\Router.php | Строка: 39
=================
[2019-07-14 17:04:31] Текст ошибки: Страница не найдена | Файл: D:\web\server\domains\wath\core\ishop\Router.php | Строка: 39
=================
[2019-07-14 17:07:50] Текст ошибки: Страница не найдена | Файл: D:\web\server\domains\wath\core\ishop\Router.php | Строка: 39
=================
[2019-07-14 17:10:03] Текст ошибки: Страница не найдена | Файл: D:\web\server\domains\wath\core\ishop\Router.php | Строка: 39
=================
[2019-07-14 17:15:19] Текст ошибки: Страница не найдена | Файл: D:\web\server\domains\wath\core\ishop\Router.php | Строка: 39
=================
[2019-07-14 17:16:14] Текст ошибки: Страница не найдена | Файл: D:\web\server\domains\wath\core\ishop\Router.php | Строка: 39
=================
[2019-07-14 17:16:18] Текст ошибки: Страница не найдена | Файл: D:\web\server\domains\wath\core\ishop\Router.php | Строка: 39
=================
[2019-07-14 17:16:20] Текст ошибки: Страница не найдена | Файл: D:\web\server\domains\wath\core\ishop\Router.php | Строка: 39
=================
[2019-07-14 17:16:23] Текст ошибки: Страница не найдена | Файл: D:\web\server\domains\wath\core\ishop\Router.php | Строка: 39
=================
[2019-07-14 17:16:38] Текст ошибки: Страница не найдена | Файл: D:\web\server\domains\wath\core\ishop\Router.php | Строка: 39
=================
[2019-07-14 17:16:40] Текст ошибки: Страница не найдена | Файл: D:\web\server\domains\wath\core\ishop\Router.php | Строка: 39
=================
[2019-07-14 17:41:53] Текст ошибки: Страница не найдена | Файл: D:\web\server\domains\wath\core\ishop\Router.php | Строка: 39
=================
[2019-07-14 17:43:33] Текст ошибки: Страница не найдена | Файл: D:\web\server\domains\wath\core\ishop\Router.php | Строка: 39
=================
[2019-07-14 17:46:04] Текст ошибки: Страница не найдена | Файл: D:\web\server\domains\wath\core\ishop\Router.php | Строка: 39
=================
[2019-07-14 17:47:54] Текст ошибки: Страница не найдена | Файл: D:\web\server\domains\wath\core\ishop\Router.php | Строка: 39
=================
[2019-07-14 17:48:26] Текст ошибки: Страница не найдена | Файл: D:\web\server\domains\wath\core\ishop\Router.php | Строка: 39
=================
[2019-07-14 17:49:06] Текст ошибки: Страница не найдена | Файл: D:\web\server\domains\wath\core\ishop\Router.php | Строка: 39
=================
[2019-07-14 17:49:21] Текст ошибки: Страница не найдена | Файл: D:\web\server\domains\wath\core\ishop\Router.php | Строка: 39
=================
[2019-07-14 17:50:29] Текст ошибки: Страница не найдена | Файл: D:\web\server\domains\wath\core\ishop\Router.php | Строка: 39
=================
[2019-07-14 17:52:11] Текст ошибки: Страница не найдена | Файл: D:\web\server\domains\wath\core\ishop\Router.php | Строка: 39
=================
[2019-07-14 17:54:41] Текст ошибки: Страница не найдена | Файл: D:\web\server\domains\wath\core\ishop\Router.php | Строка: 39
=================
[2019-07-14 17:55:56] Текст ошибки: Страница не найдена | Файл: D:\web\server\domains\wath\core\ishop\Router.php | Строка: 39
=================
[2019-07-14 17:56:02] Текст ошибки: Контролер  \app\controllers\CartController не найден  | Файл: D:\web\server\domains\wath\core\ishop\Router.php | Строка: 35
=================
[2019-07-14 17:57:50] Текст ошибки: Страница не найдена | Файл: D:\web\server\domains\wath\core\ishop\Router.php | Строка: 39
=================
[2019-07-14 17:59:47] Текст ошибки: Страница не найдена | Файл: D:\web\server\domains\wath\core\ishop\Router.php | Строка: 39
=================
[2019-07-14 18:00:15] Текст ошибки: Страница не найдена | Файл: D:\web\server\domains\wath\core\ishop\Router.php | Строка: 39
=================
[2019-07-14 18:00:31] Текст ошибки: Контролер  \app\controllers\CartController не найден  | Файл: D:\web\server\domains\wath\core\ishop\Router.php | Строка: 35
=================
[2019-07-14 18:00:35] Текст ошибки: Страница не найдена | Файл: D:\web\server\domains\wath\core\ishop\Router.php | Строка: 39
=================
[2019-07-14 18:12:33] Текст ошибки: syntax error, unexpected ''' (T_CONSTANT_ENCAPSED_STRING), expecting ',' or ')' | Файл: D:\web\server\domains\wath\app\controllers\ProductController.php | Строка: 28
=================
[2019-07-14 18:13:07] Текст ошибки: SQLSTATE[HY093]: Invalid parameter number: no parameters were bound | Файл: D:\web\server\domains\wath\vendor\gabordemooij\redbean\RedBeanPHP\Driver\RPDO.php | Строка: 194
=================
[2019-07-14 18:13:35] Текст ошибки: SQLSTATE[42S22]: Column not found: 1054 Unknown column 'releted_id' in 'where clause' | Файл: D:\web\server\domains\wath\vendor\gabordemooij\redbean\RedBeanPHP\Driver\RPDO.php | Строка: 194
=================
[2019-07-14 18:13:58] Текст ошибки: Страница не найдена | Файл: D:\web\server\domains\wath\core\ishop\Router.php | Строка: 39
=================
[2019-07-14 18:14:15] Текст ошибки: Страница не найдена | Файл: D:\web\server\domains\wath\core\ishop\Router.php | Строка: 39
=================
[2019-07-14 18:15:03] Текст ошибки: Страница не найдена | Файл: D:\web\server\domains\wath\core\ishop\Router.php | Строка: 39
=================
[2019-07-14 18:16:43] Текст ошибки: Страница не найдена | Файл: D:\web\server\domains\wath\core\ishop\Router.php | Строка: 39
=================
[2019-07-14 18:25:58] Текст ошибки: Страница не найдена | Файл: D:\web\server\domains\wath\core\ishop\Router.php | Строка: 39
=================
[2019-07-14 18:27:24] Текст ошибки: Страница не найдена | Файл: D:\web\server\domains\wath\core\ishop\Router.php | Строка: 39
=================
[2019-07-14 18:28:16] Текст ошибки: Страница не найдена | Файл: D:\web\server\domains\wath\core\ishop\Router.php | Строка: 39
=================
[2019-07-14 18:35:37] Текст ошибки: Страница не найдена | Файл: D:\web\server\domains\wath\core\ishop\Router.php | Строка: 39
=================
[2019-07-14 18:36:21] Текст ошибки: Страница не найдена | Файл: D:\web\server\domains\wath\core\ishop\Router.php | Строка: 39
=================
[2019-07-14 18:38:07] Текст ошибки: Страница не найдена | Файл: D:\web\server\domains\wath\core\ishop\Router.php | Строка: 39
=================
[2019-07-14 18:38:18] Текст ошибки: Страница не найдена | Файл: D:\web\server\domains\wath\core\ishop\Router.php | Строка: 39
=================
[2019-07-14 18:46:22] Текст ошибки: Страница не найдена | Файл: D:\web\server\domains\wath\core\ishop\Router.php | Строка: 39
=================
[2019-07-14 18:47:01] Текст ошибки: Страница не найдена | Файл: D:\web\server\domains\wath\core\ishop\Router.php | Строка: 39
=================
[2019-07-14 18:47:37] Текст ошибки: Страница не найдена | Файл: D:\web\server\domains\wath\core\ishop\Router.php | Строка: 39
=================
[2019-07-14 18:52:50] Текст ошибки: Страница не найдена | Файл: D:\web\server\domains\wath\core\ishop\Router.php | Строка: 39
=================
[2019-07-14 18:53:09] Текст ошибки: Страница не найдена | Файл: D:\web\server\domains\wath\core\ishop\Router.php | Строка: 39
=================
[2019-07-14 18:53:14] Текст ошибки: Страница не найдена | Файл: D:\web\server\domains\wath\core\ishop\Router.php | Строка: 39
=================
[2019-07-14 18:53:16] Текст ошибки: Страница не найдена | Файл: D:\web\server\domains\wath\core\ishop\Router.php | Строка: 39
=================
[2019-07-14 18:53:20] Текст ошибки: Страница не найдена | Файл: D:\web\server\domains\wath\core\ishop\Router.php | Строка: 39
=================
[2019-07-14 18:56:40] Текст ошибки: Страница не найдена | Файл: D:\web\server\domains\wath\core\ishop\Router.php | Строка: 39
=================
[2019-07-14 18:56:59] Текст ошибки: Страница не найдена | Файл: D:\web\server\domains\wath\core\ishop\Router.php | Строка: 39
=================
[2019-07-14 18:58:45] Текст ошибки: Страница не найдена | Файл: D:\web\server\domains\wath\core\ishop\Router.php | Строка: 39
=================
[2019-07-14 19:15:37] Текст ошибки: Страница не найдена | Файл: D:\web\server\domains\wath\core\ishop\Router.php | Строка: 39
=================
[2019-07-14 19:15:45] Текст ошибки: Страница не найдена | Файл: D:\web\server\domains\wath\core\ishop\Router.php | Строка: 39
=================
[2019-07-14 19:15:47] Текст ошибки: Страница не найдена | Файл: D:\web\server\domains\wath\core\ishop\Router.php | Строка: 39
=================
[2019-07-14 19:15:53] Текст ошибки: Страница не найдена | Файл: D:\web\server\domains\wath\core\ishop\Router.php | Строка: 39
=================
[2019-07-14 22:28:18] Текст ошибки: Function name must be a string | Файл: D:\web\server\domains\wath\app\models\Product.php | Строка: 12
=================
[2019-07-14 22:28:38] Текст ошибки: Страница не найдена | Файл: D:\web\server\domains\wath\core\ishop\Router.php | Строка: 39
=================
[2019-07-14 22:32:18] Текст ошибки: Страница не найдена | Файл: D:\web\server\domains\wath\core\ishop\Router.php | Строка: 39
=================
[2019-07-14 22:32:40] Текст ошибки: Страница не найдена | Файл: D:\web\server\domains\wath\core\ishop\Router.php | Строка: 39
=================
[2019-07-14 22:32:42] Текст ошибки: Страница не найдена | Файл: D:\web\server\domains\wath\core\ishop\Router.php | Строка: 39
=================
[2019-07-14 22:32:43] Текст ошибки: Страница не найдена | Файл: D:\web\server\domains\wath\core\ishop\Router.php | Строка: 39
=================
[2019-07-14 22:32:55] Текст ошибки: Страница не найдена | Файл: D:\web\server\domains\wath\core\ishop\Router.php | Строка: 39
=================
[2019-07-14 22:36:04] Текст ошибки: Страница не найдена | Файл: D:\web\server\domains\wath\core\ishop\Router.php | Строка: 39
=================
[2019-07-14 22:37:48] Текст ошибки: Страница не найдена | Файл: D:\web\server\domains\wath\core\ishop\Router.php | Строка: 39
=================
[2019-07-14 22:37:53] Текст ошибки: Страница не найдена | Файл: D:\web\server\domains\wath\core\ishop\Router.php | Строка: 39
=================
[2019-07-14 22:38:08] Текст ошибки: Страница не найдена | Файл: D:\web\server\domains\wath\core\ishop\Router.php | Строка: 39
=================
[2019-07-14 22:38:17] Текст ошибки: Страница не найдена | Файл: D:\web\server\domains\wath\core\ishop\Router.php | Строка: 39
=================
[2019-07-14 22:38:19] Текст ошибки: Страница не найдена | Файл: D:\web\server\domains\wath\core\ishop\Router.php | Строка: 39
=================
[2019-07-14 22:38:22] Текст ошибки: Страница не найдена | Файл: D:\web\server\domains\wath\core\ishop\Router.php | Строка: 39
=================
[2019-07-14 22:38:26] Текст ошибки: Страница не найдена | Файл: D:\web\server\domains\wath\core\ishop\Router.php | Строка: 39
=================
[2019-07-14 22:38:28] Текст ошибки: Страница не найдена | Файл: D:\web\server\domains\wath\core\ishop\Router.php | Строка: 39
=================
[2019-07-14 22:38:30] Текст ошибки: Страница не найдена | Файл: D:\web\server\domains\wath\core\ishop\Router.php | Строка: 39
=================
[2019-07-14 22:42:16] Текст ошибки: Страница не найдена | Файл: D:\web\server\domains\wath\core\ishop\Router.php | Строка: 39
=================
[2019-07-14 22:43:16] Текст ошибки: syntax error, unexpected ')' | Файл: D:\web\server\domains\wath\app\models\Product.php | Строка: 18
=================
[2019-07-14 22:43:28] Текст ошибки: Страница не найдена | Файл: D:\web\server\domains\wath\core\ishop\Router.php | Строка: 39
=================
[2019-07-14 22:43:33] Текст ошибки: Страница не найдена | Файл: D:\web\server\domains\wath\core\ishop\Router.php | Строка: 39
=================
[2019-07-14 22:43:36] Текст ошибки: Страница не найдена | Файл: D:\web\server\domains\wath\core\ishop\Router.php | Строка: 39
=================
[2019-07-14 22:43:41] Текст ошибки: Страница не найдена | Файл: D:\web\server\domains\wath\core\ishop\Router.php | Строка: 39
=================
[2019-07-14 22:43:43] Текст ошибки: Страница не найдена | Файл: D:\web\server\domains\wath\core\ishop\Router.php | Строка: 39
=================
[2019-07-14 23:01:05] Текст ошибки: Call to undefined function app\models\getAllRecentlyViewed() | Файл: D:\web\server\domains\wath\app\models\Product.php | Строка: 28
=================
[2019-07-14 23:01:39] Текст ошибки: Страница не найдена | Файл: D:\web\server\domains\wath\core\ishop\Router.php | Строка: 39
=================
[2019-07-14 23:30:45] Текст ошибки: Страница не найдена | Файл: D:\web\server\domains\wath\core\ishop\Router.php | Строка: 39
=================
[2019-07-14 23:32:20] Текст ошибки: Call to undefined function degug() | Файл: D:\web\server\domains\wath\app\views\Product\view.php | Строка: 163
=================
[2019-07-14 23:35:08] Текст ошибки: Страница не найдена | Файл: D:\web\server\domains\wath\core\ishop\Router.php | Строка: 39
=================
[2019-07-15 22:02:00] Текст ошибки: Страница не найдена | Файл: D:\web\server\domains\wath\core\ishop\Router.php | Строка: 39
=================
[2019-07-15 22:08:36] Текст ошибки: Страница не найдена | Файл: D:\web\server\domains\wath\core\ishop\Router.php | Строка: 39
=================
[2019-07-15 22:08:47] Текст ошибки: Страница не найдена | Файл: D:\web\server\domains\wath\core\ishop\Router.php | Строка: 39
=================
[2019-07-15 22:10:42] Текст ошибки: Страница не найдена | Файл: D:\web\server\domains\wath\core\ishop\Router.php | Строка: 39
=================
[2019-07-15 22:10:51] Текст ошибки: Страница не найдена | Файл: D:\web\server\domains\wath\core\ishop\Router.php | Строка: 39
=================
[2019-07-15 22:11:38] Текст ошибки: Страница не найдена | Файл: D:\web\server\domains\wath\core\ishop\Router.php | Строка: 39
=================
[2019-07-15 22:12:15] Текст ошибки: Страница не найдена | Файл: D:\web\server\domains\wath\core\ishop\Router.php | Строка: 39
=================
[2019-07-15 22:13:46] Текст ошибки: Страница не найдена | Файл: D:\web\server\domains\wath\core\ishop\Router.php | Строка: 39
=================
[2019-07-15 22:15:45] Текст ошибки: Страница не найдена | Файл: D:\web\server\domains\wath\core\ishop\Router.php | Строка: 39
=================
[2019-07-15 22:57:34] Текст ошибки: Страница не найдена | Файл: D:\web\server\domains\wath\core\ishop\Router.php | Строка: 39
=================
[2019-07-15 23:00:12] Текст ошибки: Страница не найдена | Файл: D:\web\server\domains\wath\core\ishop\Router.php | Строка: 39
=================
[2019-07-15 23:00:38] Текст ошибки: Страница не найдена | Файл: D:\web\server\domains\wath\core\ishop\Router.php | Строка: 39
=================
[2019-07-15 23:01:25] Текст ошибки: Страница не найдена | Файл: D:\web\server\domains\wath\core\ishop\Router.php | Строка: 39
=================
[2019-07-15 23:02:29] Текст ошибки: Страница не найдена | Файл: D:\web\server\domains\wath\core\ishop\Router.php | Строка: 39
=================
[2019-07-15 23:05:44] Текст ошибки: Страница не найдена | Файл: D:\web\server\domains\wath\core\ishop\Router.php | Строка: 39
=================
[2019-07-15 23:05:54] Текст ошибки: Страница не найдена | Файл: D:\web\server\domains\wath\core\ishop\Router.php | Строка: 39
=================
[2019-07-15 23:07:36] Текст ошибки: Страница не найдена | Файл: D:\web\server\domains\wath\core\ishop\Router.php | Строка: 39
=================
[2019-07-15 23:11:16] Текст ошибки: Страница не найдена | Файл: D:\web\server\domains\wath\core\ishop\Router.php | Строка: 39
=================
[2019-07-15 23:57:22] Текст ошибки: Страница не найдена | Файл: D:\web\server\domains\wath\core\ishop\Router.php | Строка: 39
=================
[2019-07-15 23:57:59] Текст ошибки: Страница не найдена | Файл: D:\web\server\domains\wath\core\ishop\Router.php | Строка: 39
=================
[2019-07-15 23:58:59] Текст ошибки: Страница не найдена | Файл: D:\web\server\domains\wath\core\ishop\Router.php | Строка: 39
=================
[2019-07-16 00:02:50] Текст ошибки: Страница не найдена | Файл: D:\web\server\domains\wath\core\ishop\Router.php | Строка: 39
=================
[2019-07-16 00:05:06] Текст ошибки: Страница не найдена | Файл: D:\web\server\domains\wath\core\ishop\Router.php | Строка: 39
=================
[2019-07-16 00:05:21] Текст ошибки: Страница не найдена | Файл: D:\web\server\domains\wath\core\ishop\Router.php | Строка: 39
=================
[2019-07-16 00:07:06] Текст ошибки: Страница не найдена | Файл: D:\web\server\domains\wath\core\ishop\Router.php | Строка: 39
=================
[2019-07-16 00:10:35] Текст ошибки: Страница не найдена | Файл: D:\web\server\domains\wath\core\ishop\Router.php | Строка: 39
=================
[2019-07-16 00:10:47] Текст ошибки: Страница не найдена | Файл: D:\web\server\domains\wath\core\ishop\Router.php | Строка: 39
=================
[2019-07-16 00:12:02] Текст ошибки: Страница не найдена | Файл: D:\web\server\domains\wath\core\ishop\Router.php | Строка: 39
=================
[2019-07-16 00:15:06] Текст ошибки: Страница не найдена | Файл: D:\web\server\domains\wath\core\ishop\Router.php | Строка: 39
=================
